<?xml version="1.0" encoding="UTF-8"?>
<!-- Generated by org.testng.reporters.JUnitXMLReporter -->
<testsuite ignored="0" hostname="DESKTOP-E71U01U" failures="1" tests="5" name="DemoTests" time="0.023" errors="0" timestamp="2025-06-19T14:35:41 MESZ">
  <testcase classname="fh.aalen.test.TestLifecycleDemo" name="parameterizedTest" time="0.002"/>
  <testcase classname="fh.aalen.test.TestLifecycleDemo" name="demoTest" time="0.001"/>
  <testcase classname="fh.aalen.test.LibraryTest" name="testSomeLibraryMethod" time="0.002"/>
  <testcase classname="fh.aalen.test.FailureAndSkipTest" name="failingVideoTest" time="0.004">
    <failure type="java.lang.AssertionError" message="Titles should not match expected [Star Wars] but found [Blade Runner]">
      <![CDATA[java.lang.AssertionError: Titles should not match expected [Star Wars] but found [Blade Runner]
at fh.aalen.test.FailureAndSkipTest.failingVideoTest(FailureAndSkipTest.java:19)
at java.base/java.util.ArrayList.forEach(ArrayList.java:1596)
... Removed 30 stack frames]]>
    </failure>
  </testcase> <!-- failingVideoTest -->
  <testcase classname="fh.aalen.test.FailureAndSkipTest" name="skippedSearchFeatureTest" time="0.001">
    <skipped/>
  </testcase> <!-- skippedSearchFeatureTest -->
</testsuite> <!-- DemoTests -->
